[01-Mar-2017 16:49:51 UTC] PHP Warning:  scandir(/home/ubuntu/workspacescripts/): failed to open dir: No such file or directory in /home/ubuntu/workspace/views/script-includes.php on line 3
[01-Mar-2017 16:49:51 UTC] PHP Stack trace:
[01-Mar-2017 16:49:51 UTC] PHP   1. {main}() /home/ubuntu/workspace/views/script-includes.php:0
[01-Mar-2017 16:49:51 UTC] PHP   2. scandir() /home/ubuntu/workspace/views/script-includes.php:3
[01-Mar-2017 16:49:51 UTC] PHP Warning:  scandir(): (errno 2): No such file or directory in /home/ubuntu/workspace/views/script-includes.php on line 3
[01-Mar-2017 16:49:51 UTC] PHP Stack trace:
[01-Mar-2017 16:49:51 UTC] PHP   1. {main}() /home/ubuntu/workspace/views/script-includes.php:0
[01-Mar-2017 16:49:51 UTC] PHP   2. scandir() /home/ubuntu/workspace/views/script-includes.php:3
[01-Mar-2017 16:49:51 UTC] PHP Warning:  Invalid argument supplied for foreach() in /home/ubuntu/workspace/views/script-includes.php on line 4
[01-Mar-2017 16:49:51 UTC] PHP Stack trace:
[01-Mar-2017 16:49:51 UTC] PHP   1. {main}() /home/ubuntu/workspace/views/script-includes.php:0
[01-Mar-2017 16:50:00 UTC] PHP Warning:  scandir(/home/ubuntu/workspace/scripts/): failed to open dir: No such file or directory in /home/ubuntu/workspace/views/script-includes.php on line 3
[01-Mar-2017 16:50:00 UTC] PHP Stack trace:
[01-Mar-2017 16:50:00 UTC] PHP   1. {main}() /home/ubuntu/workspace/views/script-includes.php:0
[01-Mar-2017 16:50:00 UTC] PHP   2. scandir() /home/ubuntu/workspace/views/script-includes.php:3
[01-Mar-2017 16:50:00 UTC] PHP Warning:  scandir(): (errno 2): No such file or directory in /home/ubuntu/workspace/views/script-includes.php on line 3
[01-Mar-2017 16:50:00 UTC] PHP Stack trace:
[01-Mar-2017 16:50:00 UTC] PHP   1. {main}() /home/ubuntu/workspace/views/script-includes.php:0
[01-Mar-2017 16:50:00 UTC] PHP   2. scandir() /home/ubuntu/workspace/views/script-includes.php:3
[01-Mar-2017 16:50:00 UTC] PHP Warning:  Invalid argument supplied for foreach() in /home/ubuntu/workspace/views/script-includes.php on line 4
[01-Mar-2017 16:50:00 UTC] PHP Stack trace:
[01-Mar-2017 16:50:00 UTC] PHP   1. {main}() /home/ubuntu/workspace/views/script-includes.php:0
[07-Mar-2017 17:35:11 UTC] PHP Parse error:  syntax error, unexpected ')', expecting '&' or variable (T_VARIABLE) in /home/ubuntu/workspace/models/skill.php on line 10
[07-Mar-2017 17:35:26 UTC] PHP Warning:  syntax error, unexpected '!' in /home/ubuntu/workspace/db.ini on line 4
 in /home/ubuntu/workspace/models/gateway.php on line 8
[07-Mar-2017 17:35:26 UTC] PHP Stack trace:
[07-Mar-2017 17:35:26 UTC] PHP   1. {main}() /home/ubuntu/workspace/models/skill.php:0
[07-Mar-2017 17:35:26 UTC] PHP   2. Skill->__construct() /home/ubuntu/workspace/models/skill.php:34
[07-Mar-2017 17:35:26 UTC] PHP   3. Gateway::getInstance() /home/ubuntu/workspace/models/skill.php:7
[07-Mar-2017 17:35:26 UTC] PHP   4. Gateway->__construct() /home/ubuntu/workspace/models/gateway.php:25
[07-Mar-2017 17:35:26 UTC] PHP   5. parse_ini_file() /home/ubuntu/workspace/models/gateway.php:8
[07-Mar-2017 22:01:38 UTC] PHP Fatal error:  Uncaught exception 'Exception' with message 'Invalid display type' in /home/ubuntu/workspace/models/skill.php:16
Stack trace:
#0 /home/ubuntu/workspace/models/skill.php(33): Skill->getSkills('bubble')
#1 {main}
  thrown in /home/ubuntu/workspace/models/skill.php on line 16
[07-Mar-2017 22:01:57 UTC] PHP Fatal error:  Uncaught exception 'Exception' with message 'Invalid display type' in /home/ubuntu/workspace/models/skill.php:16
Stack trace:
#0 /home/ubuntu/workspace/models/skill.php(33): Skill->getSkills('bubble')
#1 {main}
  thrown in /home/ubuntu/workspace/models/skill.php on line 16
[07-Mar-2017 22:01:58 UTC] PHP Fatal error:  Uncaught exception 'Exception' with message 'Invalid display type' in /home/ubuntu/workspace/models/skill.php:16
Stack trace:
#0 /home/ubuntu/workspace/models/skill.php(33): Skill->getSkills('bubble')
#1 {main}
  thrown in /home/ubuntu/workspace/models/skill.php on line 16
[13-Mar-2017 23:42:01 UTC] PHP Warning:  include(/admin-views/login.php): failed to open stream: No such file or directory in /home/ubuntu/workspace/admin/index.php on line 22
[13-Mar-2017 23:42:01 UTC] PHP Stack trace:
[13-Mar-2017 23:42:01 UTC] PHP   1. {main}() /home/ubuntu/workspace/admin/index.php:0
[13-Mar-2017 23:42:01 UTC] PHP Warning:  include(): Failed opening '/admin-views/login.php' for inclusion (include_path='.:/usr/share/php:/usr/share/pear') in /home/ubuntu/workspace/admin/index.php on line 22
[13-Mar-2017 23:42:01 UTC] PHP Stack trace:
[13-Mar-2017 23:42:01 UTC] PHP   1. {main}() /home/ubuntu/workspace/admin/index.php:0
[13-Mar-2017 23:48:54 UTC] PHP Parse error:  syntax error, unexpected '<' in /home/ubuntu/workspace/admin/admin-views/admin-panel.php on line 3
[13-Mar-2017 23:48:54 UTC] PHP Stack trace:
[13-Mar-2017 23:48:54 UTC] PHP   1. {main}() /home/ubuntu/workspace/admin/index.php:0
[14-Mar-2017 00:06:58 UTC] PHP Warning:  Invalid argument supplied for foreach() in /home/ubuntu/workspace/views/dots.php on line 2
[14-Mar-2017 00:06:58 UTC] PHP Stack trace:
[14-Mar-2017 00:06:58 UTC] PHP   1. {main}() /home/ubuntu/workspace/admin/index.php:0
[14-Mar-2017 00:06:58 UTC] PHP   2. include() /home/ubuntu/workspace/admin/index.php:26
[14-Mar-2017 00:06:58 UTC] PHP   3. include() /home/ubuntu/workspace/admin/admin-views/admin-panel.php:19
[14-Mar-2017 00:07:20 UTC] PHP Warning:  Invalid argument supplied for foreach() in /home/ubuntu/workspace/views/dots.php on line 2
[14-Mar-2017 00:07:20 UTC] PHP Stack trace:
[14-Mar-2017 00:07:20 UTC] PHP   1. {main}() /home/ubuntu/workspace/admin/index.php:0
[14-Mar-2017 00:07:20 UTC] PHP   2. include() /home/ubuntu/workspace/admin/index.php:26
[14-Mar-2017 00:07:20 UTC] PHP   3. include() /home/ubuntu/workspace/admin/admin-views/admin-panel.php:19
[14-Mar-2017 00:19:54 UTC] PHP Warning:  include(admin-views/add-skills.php): failed to open stream: No such file or directory in /home/ubuntu/workspace/admin/index.php on line 53
[14-Mar-2017 00:19:54 UTC] PHP Stack trace:
[14-Mar-2017 00:19:54 UTC] PHP   1. {main}() /home/ubuntu/workspace/admin/index.php:0
[14-Mar-2017 00:19:54 UTC] PHP Warning:  include(): Failed opening 'admin-views/add-skills.php' for inclusion (include_path='.:/usr/share/php:/usr/share/pear') in /home/ubuntu/workspace/admin/index.php on line 53
[14-Mar-2017 00:19:54 UTC] PHP Stack trace:
[14-Mar-2017 00:19:54 UTC] PHP   1. {main}() /home/ubuntu/workspace/admin/index.php:0
[14-Mar-2017 00:50:58 UTC] PHP Warning:  Invalid argument supplied for foreach() in /home/ubuntu/workspace/admin/admin-views/skill-measures.php on line 27
[14-Mar-2017 00:50:58 UTC] PHP Stack trace:
[14-Mar-2017 00:50:58 UTC] PHP   1. {main}() /home/ubuntu/workspace/admin/index.php:0
[14-Mar-2017 00:50:58 UTC] PHP   2. include() /home/ubuntu/workspace/admin/index.php:26
[14-Mar-2017 00:50:58 UTC] PHP   3. include() /home/ubuntu/workspace/admin/admin-views/admin-panel.php:6
[14-Mar-2017 00:51:11 UTC] PHP Warning:  Invalid argument supplied for foreach() in /home/ubuntu/workspace/admin/admin-views/skill-measures.php on line 27
[14-Mar-2017 00:51:11 UTC] PHP Stack trace:
[14-Mar-2017 00:51:11 UTC] PHP   1. {main}() /home/ubuntu/workspace/admin/index.php:0
[14-Mar-2017 00:51:11 UTC] PHP   2. include() /home/ubuntu/workspace/admin/index.php:26
[14-Mar-2017 00:51:11 UTC] PHP   3. include() /home/ubuntu/workspace/admin/admin-views/admin-panel.php:6
[14-Mar-2017 00:59:34 UTC] PHP Warning:  include(/home/ubuntu/workspace./views/script-includes.php): failed to open stream: No such file or directory in /home/ubuntu/workspace/admin/admin-views/admin-panel.php on line 11
[14-Mar-2017 00:59:34 UTC] PHP Stack trace:
[14-Mar-2017 00:59:34 UTC] PHP   1. {main}() /home/ubuntu/workspace/admin/index.php:0
[14-Mar-2017 00:59:34 UTC] PHP   2. include() /home/ubuntu/workspace/admin/index.php:26
[14-Mar-2017 00:59:34 UTC] PHP Warning:  include(): Failed opening '/home/ubuntu/workspace./views/script-includes.php' for inclusion (include_path='.:/usr/share/php:/usr/share/pear') in /home/ubuntu/workspace/admin/admin-views/admin-panel.php on line 11
[14-Mar-2017 00:59:34 UTC] PHP Stack trace:
[14-Mar-2017 00:59:34 UTC] PHP   1. {main}() /home/ubuntu/workspace/admin/index.php:0
[14-Mar-2017 00:59:34 UTC] PHP   2. include() /home/ubuntu/workspace/admin/index.php:26
[14-Mar-2017 00:59:43 UTC] PHP Warning:  Invalid argument supplied for foreach() in /home/ubuntu/workspace/views/dots.php on line 2
[14-Mar-2017 00:59:43 UTC] PHP Stack trace:
[14-Mar-2017 00:59:43 UTC] PHP   1. {main}() /home/ubuntu/workspace/admin/index.php:0
[14-Mar-2017 00:59:43 UTC] PHP   2. include() /home/ubuntu/workspace/admin/index.php:26
[14-Mar-2017 00:59:43 UTC] PHP   3. include() /home/ubuntu/workspace/admin/admin-views/admin-panel.php:11
[14-Mar-2017 00:59:43 UTC] PHP   4. include() /home/ubuntu/workspace/views/script-includes.php:32
[14-Mar-2017 18:21:22 UTC] PHP Warning:  Invalid argument supplied for foreach() in /home/ubuntu/workspace/admin/admin-views/skill-measures.php on line 32
[14-Mar-2017 18:21:22 UTC] PHP Stack trace:
[14-Mar-2017 18:21:22 UTC] PHP   1. {main}() /home/ubuntu/workspace/admin/index.php:0
[14-Mar-2017 18:21:22 UTC] PHP   2. include() /home/ubuntu/workspace/admin/index.php:26
[14-Mar-2017 18:21:22 UTC] PHP   3. include() /home/ubuntu/workspace/admin/admin-views/admin-panel.php:6
